<?xml version="1.0" encoding="UTF-8"?>
<!-- Generated by org.testng.reporters.JUnitXMLReporter -->
<testsuite ignored="0" hostname="DESKTOP-56PO596" failures="4" tests="40" name="Test" time="12.384" errors="0" timestamp="2024-05-06T17:33:39 IST">
  <testcase classname="SuperAdmin.Cylinder_CRUD" name="superAdminLoginTest" time="4.003"/>
  <testcase classname="SuperAdmin.Cylinder_CRUD" name="createCylinderSizeTestwithToken" time="0.644"/>
  <testcase classname="SuperAdmin.Cylinder_CRUD" name="createCylinderSizeTest" time="0.278"/>
  <testcase classname="SuperAdmin.Cylinder_CRUD" name="getAllCylinder" time="0.214"/>
  <testcase classname="SuperAdmin.Cylinder_CRUD" name="getCylinderById" time="0.207"/>
  <testcase classname="SuperAdmin.Cylinder_CRUD" name="updateCylinderById" time="0.196"/>
  <testcase classname="SuperAdmin.Cylinder_CRUD" name="createCylinderGasTest" time="0.732"/>
  <testcase classname="SuperAdmin.Cylinder_CRUD" name="getAllCylinderGas" time="0.189"/>
  <testcase classname="SuperAdmin.Cylinder_CRUD" name="getCylinderGasById" time="0.179"/>
  <testcase classname="SuperAdmin.Cylinder_CRUD" name="updateCylinderGasById" time="0.3"/>
  <testcase classname="SuperAdmin.Distributor_Admin_Crud" name="superAdminLoginTest" time="0.492"/>
  <testcase classname="SuperAdmin.Distributor_Admin_Crud" name="createDistributorAdminTest" time="1.327"/>
  <testcase classname="SuperAdmin.Distributor_Admin_Crud" name="getAlldistributorAdmins" time="0.299"/>
  <testcase classname="SuperAdmin.Distributor_Admin_Crud" name="getDistributorAdminById" time="0.122"/>
  <testcase classname="SuperAdmin.Distributor_Admin_Crud" name="updateDistributorAdminById" time="0.771"/>
  <testcase classname="SuperAdmin.Distributor_Admin_Crud" name="DeleteDistributorAdminById" time="0.231"/>
  <testcase classname="DistributedAdmin.Create_company_CRUD" name="distributorAdminLoginTest" time="0.463">
    <failure type="java.lang.AssertionError" message="1 expectation failed.
JSON path result.user.role_id doesn&amp;apos;t match.
Expected: &amp;lt;3&amp;gt;
  Actual: &amp;lt;2&amp;gt;
">
      <![CDATA[java.lang.AssertionError: 1 expectation failed.
JSON path result.user.role_id doesn't match.
Expected: <3>
  Actual: <2>

at org.codehaus.groovy.runtime.callsite.ConstructorSite$ConstructorSiteNoUnwrapNoCoerce.callConstructor(ConstructorSite.java:108)
at org.codehaus.groovy.runtime.callsite.CallSiteArray.defaultCallConstructor(CallSiteArray.java:57)
at org.codehaus.groovy.runtime.callsite.AbstractCallSite.callConstructor(AbstractCallSite.java:263)
at org.codehaus.groovy.runtime.callsite.AbstractCallSite.callConstructor(AbstractCallSite.java:277)
at io.restassured.internal.ResponseSpecificationImpl$HamcrestAssertionClosure.validate(ResponseSpecificationImpl.groovy:512)
at io.restassured.internal.ResponseSpecificationImpl$HamcrestAssertionClosure$validate$1.call(Unknown Source)
at io.restassured.internal.ResponseSpecificationImpl.validateResponseIfRequired(ResponseSpecificationImpl.groovy:696)
at io.restassured.internal.ResponseSpecificationImpl.this$2$validateResponseIfRequired(ResponseSpecificationImpl.groovy)
at org.codehaus.groovy.runtime.callsite.PlainObjectMetaMethodSite.doInvoke(PlainObjectMetaMethodSite.java:43)
at org.codehaus.groovy.runtime.callsite.PogoMetaMethodSite$PogoCachedMethodSiteNoUnwrapNoCoerce.invoke(PogoMetaMethodSite.java:198)
at org.codehaus.groovy.runtime.callsite.PogoMetaMethodSite.callCurrent(PogoMetaMethodSite.java:62)
at org.codehaus.groovy.runtime.callsite.AbstractCallSite.callCurrent(AbstractCallSite.java:185)
at io.restassured.internal.ResponseSpecificationImpl.body(ResponseSpecificationImpl.groovy:270)
at io.restassured.specification.ResponseSpecification$body$1.callCurrent(Unknown Source)
at io.restassured.internal.ResponseSpecificationImpl.body(ResponseSpecificationImpl.groovy:117)
at io.restassured.internal.ValidatableResponseOptionsImpl.body(ValidatableResponseOptionsImpl.java:244)
at Auth.Authentication.superAdminLoginTest(Authentication.java:51)
at DistributedAdmin.Create_company_CRUD.distributorAdminLoginTest(Create_company_CRUD.java:26)
at java.base/java.util.ArrayList.forEach(ArrayList.java:1511)
... Removed 36 stack frames]]>
    </failure>
  </testcase> <!-- distributorAdminLoginTest -->
  <testcase classname="DistributedAdmin.Create_company_CRUD" name="getCompanyLocations" time="0.0">
    <skipped/>
  </testcase> <!-- getCompanyLocations -->
  <testcase classname="DistributedAdmin.Create_company_CRUD" name="createCompanyLocationTest" time="0.0">
    <skipped/>
  </testcase> <!-- createCompanyLocationTest -->
  <testcase classname="DistributedAdmin.Create_company_CRUD" name="getCompanyLocationsById" time="0.001">
    <skipped/>
  </testcase> <!-- getCompanyLocationsById -->
  <testcase classname="DistributedAdmin.Create_company_CRUD" name="updateCompanyLocationByIdTest" time="0.0">
    <skipped/>
  </testcase> <!-- updateCompanyLocationByIdTest -->
  <testcase classname="DistributedAdmin.Create_company_CRUD" name="DeleteDistributorUserById" time="0.0">
    <skipped/>
  </testcase> <!-- DeleteDistributorUserById -->
  <testcase classname="DistributedAdmin.Create_Cylinder_CRUD" name="distributorAdminLoginTest" time="0.482">
    <failure type="java.lang.AssertionError" message="1 expectation failed.
JSON path result.user.role_id doesn&amp;apos;t match.
Expected: &amp;lt;3&amp;gt;
  Actual: &amp;lt;2&amp;gt;
">
      <![CDATA[java.lang.AssertionError: 1 expectation failed.
JSON path result.user.role_id doesn't match.
Expected: <3>
  Actual: <2>

at org.codehaus.groovy.runtime.callsite.ConstructorSite$ConstructorSiteNoUnwrapNoCoerce.callConstructor(ConstructorSite.java:108)
at org.codehaus.groovy.runtime.callsite.AbstractCallSite.callConstructor(AbstractCallSite.java:277)
at io.restassured.internal.ResponseSpecificationImpl$HamcrestAssertionClosure.validate(ResponseSpecificationImpl.groovy:512)
at io.restassured.internal.ResponseSpecificationImpl$HamcrestAssertionClosure$validate$1.call(Unknown Source)
at io.restassured.internal.ResponseSpecificationImpl.validateResponseIfRequired(ResponseSpecificationImpl.groovy:696)
at io.restassured.internal.ResponseSpecificationImpl.this$2$validateResponseIfRequired(ResponseSpecificationImpl.groovy)
at org.codehaus.groovy.runtime.callsite.PlainObjectMetaMethodSite.doInvoke(PlainObjectMetaMethodSite.java:43)
at org.codehaus.groovy.runtime.callsite.PogoMetaMethodSite$PogoCachedMethodSiteNoUnwrapNoCoerce.invoke(PogoMetaMethodSite.java:198)
at org.codehaus.groovy.runtime.callsite.PogoMetaMethodSite.callCurrent(PogoMetaMethodSite.java:62)
at org.codehaus.groovy.runtime.callsite.AbstractCallSite.callCurrent(AbstractCallSite.java:185)
at io.restassured.internal.ResponseSpecificationImpl.body(ResponseSpecificationImpl.groovy:270)
at io.restassured.specification.ResponseSpecification$body$1.callCurrent(Unknown Source)
at io.restassured.internal.ResponseSpecificationImpl.body(ResponseSpecificationImpl.groovy:117)
at io.restassured.internal.ValidatableResponseOptionsImpl.body(ValidatableResponseOptionsImpl.java:244)
at Auth.Authentication.superAdminLoginTest(Authentication.java:51)
at DistributedAdmin.Create_Cylinder_CRUD.distributorAdminLoginTest(Create_Cylinder_CRUD.java:25)
at java.base/java.util.ArrayList.forEach(ArrayList.java:1511)
... Removed 36 stack frames]]>
    </failure>
  </testcase> <!-- distributorAdminLoginTest -->
  <testcase classname="DistributedAdmin.Create_Cylinder_CRUD" name="getCompanyCylinder" time="0.0">
    <skipped/>
  </testcase> <!-- getCompanyCylinder -->
  <testcase classname="DistributedAdmin.Create_Cylinder_CRUD" name="getCompanyCylinderById" time="0.0">
    <skipped/>
  </testcase> <!-- getCompanyCylinderById -->
  <testcase classname="DistributedAdmin.Create_Cylinder_CRUD" name="createCompanyCylinderTest" time="0.0">
    <skipped/>
  </testcase> <!-- createCompanyCylinderTest -->
  <testcase classname="DistributedAdmin.Create_Cylinder_CRUD" name="updateCompanyLocationByIdTest" time="0.0">
    <skipped/>
  </testcase> <!-- updateCompanyLocationByIdTest -->
  <testcase classname="DistributedAdmin.Create_Cylinder_CRUD" name="DeleteDistributorUserById" time="0.0">
    <skipped/>
  </testcase> <!-- DeleteDistributorUserById -->
  <testcase classname="DistributedAdmin.Distributor_User_CRUD" name="distributorAdminLoginTest" time="0.445">
    <failure type="java.lang.AssertionError" message="1 expectation failed.
JSON path result.user.role_id doesn&amp;apos;t match.
Expected: &amp;lt;3&amp;gt;
  Actual: &amp;lt;2&amp;gt;
">
      <![CDATA[java.lang.AssertionError: 1 expectation failed.
JSON path result.user.role_id doesn't match.
Expected: <3>
  Actual: <2>

at org.codehaus.groovy.runtime.callsite.ConstructorSite$ConstructorSiteNoUnwrapNoCoerce.callConstructor(ConstructorSite.java:108)
at org.codehaus.groovy.runtime.callsite.AbstractCallSite.callConstructor(AbstractCallSite.java:277)
at io.restassured.internal.ResponseSpecificationImpl$HamcrestAssertionClosure.validate(ResponseSpecificationImpl.groovy:512)
at io.restassured.internal.ResponseSpecificationImpl$HamcrestAssertionClosure$validate$1.call(Unknown Source)
at io.restassured.internal.ResponseSpecificationImpl.validateResponseIfRequired(ResponseSpecificationImpl.groovy:696)
at io.restassured.internal.ResponseSpecificationImpl.this$2$validateResponseIfRequired(ResponseSpecificationImpl.groovy)
at org.codehaus.groovy.runtime.callsite.PlainObjectMetaMethodSite.doInvoke(PlainObjectMetaMethodSite.java:43)
at org.codehaus.groovy.runtime.callsite.PogoMetaMethodSite$PogoCachedMethodSiteNoUnwrapNoCoerce.invoke(PogoMetaMethodSite.java:198)
at org.codehaus.groovy.runtime.callsite.PogoMetaMethodSite.callCurrent(PogoMetaMethodSite.java:62)
at org.codehaus.groovy.runtime.callsite.AbstractCallSite.callCurrent(AbstractCallSite.java:185)
at io.restassured.internal.ResponseSpecificationImpl.body(ResponseSpecificationImpl.groovy:270)
at io.restassured.specification.ResponseSpecification$body$1.callCurrent(Unknown Source)
at io.restassured.internal.ResponseSpecificationImpl.body(ResponseSpecificationImpl.groovy:117)
at io.restassured.internal.ValidatableResponseOptionsImpl.body(ValidatableResponseOptionsImpl.java:244)
at Auth.Authentication.superAdminLoginTest(Authentication.java:51)
at DistributedAdmin.Distributor_User_CRUD.distributorAdminLoginTest(Distributor_User_CRUD.java:24)
at java.base/java.util.ArrayList.forEach(ArrayList.java:1511)
... Removed 36 stack frames]]>
    </failure>
  </testcase> <!-- distributorAdminLoginTest -->
  <testcase classname="DistributedAdmin.Distributor_User_CRUD" name="createDistributorUserTest" time="0.0">
    <skipped/>
  </testcase> <!-- createDistributorUserTest -->
  <testcase classname="DistributedAdmin.Distributor_User_CRUD" name="getDistributorUserById" time="0.0">
    <skipped/>
  </testcase> <!-- getDistributorUserById -->
  <testcase classname="DistributedAdmin.Distributor_User_CRUD" name="updateDistributorUserTest" time="0.0">
    <skipped/>
  </testcase> <!-- updateDistributorUserTest -->
  <testcase classname="DistributedAdmin.Distributor_User_CRUD" name="DeleteDistributorUserById" time="0.0">
    <skipped/>
  </testcase> <!-- DeleteDistributorUserById -->
  <testcase classname="DistributorUser.DistributorUserAccess" name="distributorUserLoginTest" time="0.442">
    <failure type="java.lang.AssertionError" message="1 expectation failed.
JSON path result.user.role_id doesn&amp;apos;t match.
Expected: &amp;lt;4&amp;gt;
  Actual: &amp;lt;2&amp;gt;
">
      <![CDATA[java.lang.AssertionError: 1 expectation failed.
JSON path result.user.role_id doesn't match.
Expected: <4>
  Actual: <2>

at org.codehaus.groovy.runtime.callsite.ConstructorSite$ConstructorSiteNoUnwrapNoCoerce.callConstructor(ConstructorSite.java:108)
at org.codehaus.groovy.runtime.callsite.AbstractCallSite.callConstructor(AbstractCallSite.java:277)
at io.restassured.internal.ResponseSpecificationImpl$HamcrestAssertionClosure.validate(ResponseSpecificationImpl.groovy:512)
at io.restassured.internal.ResponseSpecificationImpl$HamcrestAssertionClosure$validate$1.call(Unknown Source)
at io.restassured.internal.ResponseSpecificationImpl.validateResponseIfRequired(ResponseSpecificationImpl.groovy:696)
at io.restassured.internal.ResponseSpecificationImpl.this$2$validateResponseIfRequired(ResponseSpecificationImpl.groovy)
at org.codehaus.groovy.runtime.callsite.PlainObjectMetaMethodSite.doInvoke(PlainObjectMetaMethodSite.java:43)
at org.codehaus.groovy.runtime.callsite.PogoMetaMethodSite$PogoCachedMethodSiteNoUnwrapNoCoerce.invoke(PogoMetaMethodSite.java:198)
at org.codehaus.groovy.runtime.callsite.PogoMetaMethodSite.callCurrent(PogoMetaMethodSite.java:62)
at org.codehaus.groovy.runtime.callsite.AbstractCallSite.callCurrent(AbstractCallSite.java:185)
at io.restassured.internal.ResponseSpecificationImpl.body(ResponseSpecificationImpl.groovy:270)
at io.restassured.specification.ResponseSpecification$body$1.callCurrent(Unknown Source)
at io.restassured.internal.ResponseSpecificationImpl.body(ResponseSpecificationImpl.groovy:117)
at io.restassured.internal.ValidatableResponseOptionsImpl.body(ValidatableResponseOptionsImpl.java:244)
at Auth.Authentication.superAdminLoginTest(Authentication.java:51)
at DistributorUser.DistributorUserAccess.distributorUserLoginTest(DistributorUserAccess.java:25)
at java.base/java.util.ArrayList.forEach(ArrayList.java:1511)
... Removed 36 stack frames]]>
    </failure>
  </testcase> <!-- distributorUserLoginTest -->
  <testcase classname="DistributorUser.DistributorUserAccess" name="getAllCylinderSize" time="0.0">
    <skipped/>
  </testcase> <!-- getAllCylinderSize -->
  <testcase classname="DistributorUser.DistributorUserAccess" name="getCylinderSizeById" time="0.0">
    <skipped/>
  </testcase> <!-- getCylinderSizeById -->
  <testcase classname="DistributorUser.DistributorUserAccess" name="getAllCylinderGas" time="0.0">
    <skipped/>
  </testcase> <!-- getAllCylinderGas -->
  <testcase classname="DistributorUser.DistributorUserAccess" name="getCylinderGasById" time="0.0">
    <skipped/>
  </testcase> <!-- getCylinderGasById -->
  <testcase classname="DistributorUser.DistributorUserAccess" name="getCompanyCylinder" time="0.0">
    <skipped/>
  </testcase> <!-- getCompanyCylinder -->
  <testcase classname="DistributorUser.DistributorUserAccess" name="getCompanyCylinderById" time="0.0">
    <skipped/>
  </testcase> <!-- getCompanyCylinderById -->
</testsuite> <!-- Test -->
